002c:trace:loaddll:build_module Loaded L"C:\\windows\\system32\\wineboot.exe" at 0000000140000000: builtin
002c:trace:loaddll:build_module Loaded L"C:\\windows\\system32\\kernelbase.dll" at 00006FFFFF470000: builtin
002c:trace:loaddll:build_module Loaded L"C:\\windows\\system32\\kernel32.dll" at 00006FFFFFA80000: builtin
002c:trace:loaddll:build_module Loaded L"C:\\windows\\system32\\msvcrt.dll" at 00006FFFFEFC0000: builtin
002c:trace:loaddll:build_module Loaded L"C:\\windows\\system32\\ucrtbase.dll" at 00006FFFFEDE0000: native
002c:trace:loaddll:build_module Loaded L"C:\\windows\\system32\\sechost.dll" at 00006FFFFEEF0000: builtin
002c:trace:loaddll:build_module Loaded L"C:\\windows\\system32\\advapi32.dll" at 00006FFFFF330000: builtin
002c:trace:loaddll:build_module Loaded L"C:\\windows\\system32\\ws2_32.dll" at 00006FFFFED20000: builtin
0034:trace:loaddll:build_module Loaded L"C:\\windows\\system32\\winemenubuilder.exe" at 0000000140000000: builtin
0034:trace:loaddll:build_module Loaded L"C:\\windows\\system32\\kernelbase.dll" at 00006FFFFF470000: builtin
0034:trace:loaddll:build_module Loaded L"C:\\windows\\system32\\kernel32.dll" at 00006FFFFFA80000: builtin
0034:trace:loaddll:build_module Loaded L"C:\\windows\\system32\\msvcrt.dll" at 00006FFFFEFC0000: builtin
0034:trace:loaddll:build_module Loaded L"C:\\windows\\system32\\ucrtbase.dll" at 00006FFFFEDE0000: native
0034:trace:loaddll:build_module Loaded L"C:\\windows\\system32\\sechost.dll" at 00006FFFFEEF0000: builtin
0034:trace:loaddll:build_module Loaded L"C:\\windows\\system32\\advapi32.dll" at 00006FFFFF330000: builtin
003c:trace:loaddll:build_module Loaded L"C:\\windows\\system32\\services.exe" at 0000000140000000: builtin
003c:trace:loaddll:build_module Loaded L"C:\\windows\\system32\\kernelbase.dll" at 00006FFFFF470000: builtin
003c:trace:loaddll:build_module Loaded L"C:\\windows\\system32\\kernel32.dll" at 00006FFFFFA80000: builtin
0034:trace:loaddll:build_module Loaded L"C:\\windows\\system32\\zlib1.dll" at 00006FFFFDD00000: builtin
0034:trace:loaddll:build_module Loaded L"C:\\windows\\system32\\win32u.dll" at 00006FFFFDCB0000: builtin
0034:trace:loaddll:build_module Loaded L"C:\\windows\\system32\\user32.dll" at 00006FFFFDD40000: builtin
0034:trace:loaddll:build_module Loaded L"C:\\windows\\system32\\gdi32.dll" at 00006FFFFE300000: builtin
0034:trace:loaddll:build_module Loaded L"C:\\windows\\system32\\rpcrt4.dll" at 00006FFFFDA10000: builtin
0034:trace:loaddll:build_module Loaded L"C:\\windows\\system32\\combase.dll" at 00006FFFFE5E0000: builtin
0034:trace:loaddll:build_module Loaded L"C:\\windows\\system32\\coml2.dll" at 00006FFFFD9B0000: builtin
003c:trace:loaddll:build_module Loaded L"C:\\windows\\system32\\msvcrt.dll" at 00006FFFFEFC0000: builtin
0034:trace:loaddll:build_module Loaded L"C:\\windows\\system32\\ole32.dll" at 00006FFFFE790000: builtin
003c:trace:loaddll:build_module Loaded L"C:\\windows\\system32\\ucrtbase.dll" at 00006FFFFEDE0000: native
003c:trace:loaddll:build_module Loaded L"C:\\windows\\system32\\sechost.dll" at 00006FFFFEEF0000: builtin
003c:trace:loaddll:build_module Loaded L"C:\\windows\\system32\\advapi32.dll" at 00006FFFFF330000: builtin
0034:trace:loaddll:build_module Loaded L"C:\\windows\\system32\\shcore.dll" at 00006FFFFCA80000: builtin
0034:trace:loaddll:build_module Loaded L"C:\\windows\\system32\\shlwapi.dll" at 00006FFFFCAF0000: builtin
0034:trace:loaddll:build_module Loaded L"C:\\windows\\system32\\shell32.dll" at 00006FFFFCC20000: builtin
003c:trace:loaddll:build_module Loaded L"C:\\windows\\system32\\rpcrt4.dll" at 00006FFFFDA10000: builtin
003c:trace:loaddll:build_module Loaded L"C:\\windows\\system32\\setupapi.dll" at 00006FFFFC030000: builtin
0034:trace:loaddll:build_module Loaded L"C:\\windows\\system32\\oleaut32.dll" at 00006FFFFBB50000: builtin
003c:trace:loaddll:build_module Loaded L"C:\\windows\\system32\\userenv.dll" at 00006FFFFBB10000: builtin
0034:trace:loaddll:build_module Loaded L"C:\\windows\\system32\\propsys.dll" at 00006FFFFBA80000: builtin
0034:trace:loaddll:build_module Loaded L"C:\\windows\\system32\\windowscodecs.dll" at 00006FFFFC220000: builtin
0048:trace:loaddll:build_module Loaded L"C:\\windows\\system32\\winedevice.exe" at 0000000140000000: builtin
0048:trace:loaddll:build_module Loaded L"C:\\windows\\system32\\kernelbase.dll" at 00006FFFFF470000: builtin
0048:trace:loaddll:build_module Loaded L"C:\\windows\\system32\\kernel32.dll" at 00006FFFFFA80000: builtin
0048:trace:loaddll:build_module Loaded L"C:\\windows\\system32\\msvcrt.dll" at 00006FFFFEFC0000: builtin
0048:trace:loaddll:build_module Loaded L"C:\\windows\\system32\\ucrtbase.dll" at 00006FFFFEDE0000: native
0048:trace:loaddll:build_module Loaded L"C:\\windows\\system32\\sechost.dll" at 00006FFFFEEF0000: builtin
0048:trace:loaddll:build_module Loaded L"C:\\windows\\system32\\advapi32.dll" at 00006FFFFF330000: builtin
0048:trace:loaddll:build_module Loaded L"C:\\windows\\system32\\ntoskrnl.exe" at 00006FFFFB930000: builtin
0048:trace:loaddll:build_module Loaded L"C:\\windows\\system32\\rpcrt4.dll" at 00006FFFFDA10000: builtin
0054:trace:loaddll:build_module Loaded L"C:\\windows\\system32\\drivers\\mountmgr.sys" at 00006FFFFB8C0000: builtin
0054:trace:loaddll:build_module Loaded L"C:\\windows\\system32\\setupapi.dll" at 00006FFFFC030000: builtin
006c:trace:loaddll:build_module Loaded L"C:\\windows\\system32\\winedevice.exe" at 0000000140000000: builtin
006c:trace:loaddll:build_module Loaded L"C:\\windows\\system32\\kernelbase.dll" at 00006FFFFF470000: builtin
006c:trace:loaddll:build_module Loaded L"C:\\windows\\system32\\kernel32.dll" at 00006FFFFFA80000: builtin
006c:trace:loaddll:build_module Loaded L"C:\\windows\\system32\\msvcrt.dll" at 00006FFFFEFC0000: builtin
006c:trace:loaddll:build_module Loaded L"C:\\windows\\system32\\ucrtbase.dll" at 00006FFFFEDE0000: native
006c:trace:loaddll:build_module Loaded L"C:\\windows\\system32\\sechost.dll" at 00006FFFFEEF0000: builtin
006c:trace:loaddll:build_module Loaded L"C:\\windows\\system32\\advapi32.dll" at 00006FFFFF330000: builtin
0034:trace:loaddll:build_module Loaded L"C:\\windows\\system32\\imm32.dll" at 00006FFFFB830000: builtin
006c:trace:loaddll:build_module Loaded L"C:\\windows\\system32\\ntoskrnl.exe" at 00006FFFFB930000: builtin
0074:trace:loaddll:build_module Loaded L"C:\\windows\\system32\\explorer.exe" at 0000000140000000: builtin
0074:trace:loaddll:build_module Loaded L"C:\\windows\\system32\\kernelbase.dll" at 00006FFFFF470000: builtin
0074:trace:loaddll:build_module Loaded L"C:\\windows\\system32\\kernel32.dll" at 00006FFFFFA80000: builtin
006c:trace:loaddll:build_module Loaded L"C:\\windows\\system32\\rpcrt4.dll" at 00006FFFFDA10000: builtin
0074:trace:loaddll:build_module Loaded L"C:\\windows\\system32\\msvcrt.dll" at 00006FFFFEFC0000: builtin
0074:trace:loaddll:build_module Loaded L"C:\\windows\\system32\\ucrtbase.dll" at 00006FFFFEDE0000: native
0074:trace:loaddll:build_module Loaded L"C:\\windows\\system32\\sechost.dll" at 00006FFFFEEF0000: builtin
0074:trace:loaddll:build_module Loaded L"C:\\windows\\system32\\advapi32.dll" at 00006FFFFF330000: builtin
0074:trace:loaddll:build_module Loaded L"C:\\windows\\system32\\zlib1.dll" at 00006FFFFDD00000: builtin
0074:trace:loaddll:build_module Loaded L"C:\\windows\\system32\\win32u.dll" at 00006FFFFDCB0000: builtin
0074:trace:loaddll:build_module Loaded L"C:\\windows\\system32\\user32.dll" at 00006FFFFDD40000: builtin
0074:trace:loaddll:build_module Loaded L"C:\\windows\\system32\\gdi32.dll" at 00006FFFFE300000: builtin
007c:trace:loaddll:build_module Loaded L"C:\\windows\\system32\\drivers\\wineusb.sys" at 00006FFFFB7F0000: builtin
0074:trace:loaddll:build_module Loaded L"C:\\windows\\system32\\rpcrt4.dll" at 00006FFFFDA10000: builtin
007c:trace:loaddll:build_module Loaded L"C:\\windows\\system32\\setupapi.dll" at 00006FFFFC030000: builtin
007c:trace:loaddll:build_module Loaded L"C:\\windows\\system32\\drivers\\hidparse.sys" at 00006FFFFB750000: builtin
007c:trace:loaddll:build_module Loaded L"C:\\windows\\system32\\drivers\\winebus.sys" at 00006FFFFB7A0000: builtin
0084:fixme:hid:handle_IRP_MN_QUERY_ID Unhandled type 00000005
0088:fixme:wineusb:add_usb_device Interface 1 has 2 alternate settings; using the first one.
0084:trace:loaddll:build_module Loaded L"C:\\windows\\system32\\zlib1.dll" at 00006FFFFDD00000: builtin
0084:trace:loaddll:build_module Loaded L"C:\\windows\\system32\\win32u.dll" at 00006FFFFDCB0000: builtin
0084:trace:loaddll:build_module Loaded L"C:\\windows\\system32\\gdi32.dll" at 00006FFFFE300000: builtin
0084:trace:loaddll:build_module Loaded L"C:\\windows\\system32\\user32.dll" at 00006FFFFDD40000: builtin
0084:trace:loaddll:build_module Loaded L"C:\\windows\\system32\\drivers\\hidclass.sys" at 00006FFFFB6D0000: builtin
0084:trace:loaddll:build_module Loaded L"C:\\windows\\system32\\drivers\\winehid.sys" at 00006FFFFB720000: builtin
0074:trace:loaddll:build_module Loaded L"C:\\windows\\system32\\imm32.dll" at 00006FFFFB830000: builtin
0074:trace:loaddll:build_module Loaded L"C:\\windows\\system32\\winex11.drv" at 00006FFFFB660000: builtin
0084:trace:loaddll:build_module Loaded L"C:\\windows\\system32\\imm32.dll" at 00006FFFFB830000: builtin
0084:fixme:hid:handle_IRP_MN_QUERY_ID Unhandled type 00000005
0084:fixme:hid:handle_IRP_MN_QUERY_ID Unhandled type 00000005
0084:fixme:hid:handle_IRP_MN_QUERY_ID Unhandled type 00000005
0074:trace:loaddll:build_module Loaded L"C:\\windows\\system32\\uxtheme.dll" at 00006FFFFB580000: builtin
0074:trace:loaddll:build_module Loaded L"C:\\windows\\system32\\shcore.dll" at 00006FFFFCA80000: builtin
0074:trace:loaddll:build_module Loaded L"C:\\windows\\system32\\shlwapi.dll" at 00006FFFFCAF0000: builtin
0074:trace:loaddll:build_module Loaded L"C:\\windows\\system32\\shell32.dll" at 00006FFFFCC20000: builtin
0074:trace:loaddll:build_module Loaded L"C:\\windows\\system32\\combase.dll" at 00006FFFFE5E0000: builtin
0074:trace:loaddll:build_module Loaded L"C:\\windows\\system32\\coml2.dll" at 00006FFFFD9B0000: builtin
0074:trace:loaddll:build_module Loaded L"C:\\windows\\system32\\ole32.dll" at 00006FFFFE790000: builtin
0074:trace:loaddll:build_module Loaded L"C:\\windows\\system32\\oleaut32.dll" at 00006FFFFBB50000: builtin
0074:trace:loaddll:build_module Loaded L"C:\\windows\\system32\\actxprxy.dll" at 00006FFFFB020000: builtin
00ac:trace:loaddll:build_module Loaded L"C:\\windows\\system32\\plugplay.exe" at 0000000140000000: builtin
00ac:trace:loaddll:build_module Loaded L"C:\\windows\\system32\\kernelbase.dll" at 00006FFFFF470000: builtin
00ac:trace:loaddll:build_module Loaded L"C:\\windows\\system32\\kernel32.dll" at 00006FFFFFA80000: builtin
00ac:trace:loaddll:build_module Loaded L"C:\\windows\\system32\\msvcrt.dll" at 00006FFFFEFC0000: builtin
00ac:trace:loaddll:build_module Loaded L"C:\\windows\\system32\\ucrtbase.dll" at 00006FFFFEDE0000: native
00ac:trace:loaddll:build_module Loaded L"C:\\windows\\system32\\sechost.dll" at 00006FFFFEEF0000: builtin
00ac:trace:loaddll:build_module Loaded L"C:\\windows\\system32\\advapi32.dll" at 00006FFFFF330000: builtin
00ac:trace:loaddll:build_module Loaded L"C:\\windows\\system32\\rpcrt4.dll" at 00006FFFFDA10000: builtin
00ac:trace:loaddll:build_module Loaded L"C:\\windows\\system32\\zlib1.dll" at 00006FFFFDD00000: builtin
00ac:trace:loaddll:build_module Loaded L"C:\\windows\\system32\\win32u.dll" at 00006FFFFDCB0000: builtin
00ac:trace:loaddll:build_module Loaded L"C:\\windows\\system32\\gdi32.dll" at 00006FFFFE300000: builtin
00ac:trace:loaddll:build_module Loaded L"C:\\windows\\system32\\user32.dll" at 00006FFFFDD40000: builtin
00ac:trace:loaddll:build_module Loaded L"C:\\windows\\system32\\imm32.dll" at 00006FFFFB830000: builtin
00c4:trace:loaddll:build_module Loaded L"C:\\windows\\system32\\svchost.exe" at 0000000140000000: builtin
00c4:trace:loaddll:build_module Loaded L"C:\\windows\\system32\\kernelbase.dll" at 00006FFFFF470000: builtin
00c4:trace:loaddll:build_module Loaded L"C:\\windows\\system32\\kernel32.dll" at 00006FFFFFA80000: builtin
00c4:trace:loaddll:build_module Loaded L"C:\\windows\\system32\\msvcrt.dll" at 00006FFFFEFC0000: builtin
00c4:trace:loaddll:build_module Loaded L"C:\\windows\\system32\\ucrtbase.dll" at 00006FFFFEDE0000: native
00c4:trace:loaddll:build_module Loaded L"C:\\windows\\system32\\sechost.dll" at 00006FFFFEEF0000: builtin
00c4:trace:loaddll:build_module Loaded L"C:\\windows\\system32\\advapi32.dll" at 00006FFFFF330000: builtin
00c4:trace:loaddll:build_module Loaded L"C:\\windows\\system32\\wevtsvc.dll" at 00006FFFFAFF0000: builtin
00c4:trace:loaddll:build_module Loaded L"C:\\windows\\system32\\rpcrt4.dll" at 00006FFFFDA10000: builtin
0054:trace:loaddll:build_module Loaded L"C:\\windows\\system32\\drivers\\nsiproxy.sys" at 00006FFFFAFB0000: builtin
0054:trace:loaddll:build_module Loaded L"C:\\windows\\system32\\dnsapi.dll" at 00006FFFFAE70000: builtin
0054:trace:loaddll:build_module Loaded L"C:\\windows\\system32\\nsi.dll" at 00006FFFFAE30000: builtin
0054:trace:loaddll:build_module Loaded L"C:\\windows\\system32\\ws2_32.dll" at 00006FFFFED20000: builtin
0054:trace:loaddll:build_module Loaded L"C:\\windows\\system32\\iphlpapi.dll" at 00006FFFFAED0000: builtin
0054:trace:loaddll:build_module Loaded L"C:\\windows\\system32\\drivers\\ndis.sys" at 00006FFFFAF70000: builtin
002c:trace:loaddll:build_module Loaded L"C:\\windows\\system32\\zlib1.dll" at 00006FFFFDD00000: builtin
002c:trace:loaddll:build_module Loaded L"C:\\windows\\system32\\win32u.dll" at 00006FFFFDCB0000: builtin
002c:trace:loaddll:build_module Loaded L"C:\\windows\\system32\\user32.dll" at 00006FFFFDD40000: builtin
002c:trace:loaddll:build_module Loaded L"C:\\windows\\system32\\gdi32.dll" at 00006FFFFE300000: builtin
002c:trace:loaddll:build_module Loaded L"C:\\windows\\system32\\shcore.dll" at 00006FFFFCA80000: builtin
002c:trace:loaddll:build_module Loaded L"C:\\windows\\system32\\shlwapi.dll" at 00006FFFFCAF0000: builtin
002c:trace:loaddll:build_module Loaded L"C:\\windows\\system32\\shell32.dll" at 00006FFFFCC20000: builtin
00e4:trace:loaddll:build_module Loaded L"C:\\windows\\system32\\rpcss.exe" at 0000000140000000: builtin
00e4:trace:loaddll:build_module Loaded L"C:\\windows\\system32\\kernelbase.dll" at 00006FFFFF470000: builtin
00e4:trace:loaddll:build_module Loaded L"C:\\windows\\system32\\kernel32.dll" at 00006FFFFFA80000: builtin
00e4:trace:loaddll:build_module Loaded L"C:\\windows\\system32\\msvcrt.dll" at 00006FFFFEFC0000: builtin
00e4:trace:loaddll:build_module Loaded L"C:\\windows\\system32\\ucrtbase.dll" at 00006FFFFEDE0000: native
00e4:trace:loaddll:build_module Loaded L"C:\\windows\\system32\\sechost.dll" at 00006FFFFEEF0000: builtin
00e4:trace:loaddll:build_module Loaded L"C:\\windows\\system32\\advapi32.dll" at 00006FFFFF330000: builtin
00e4:trace:loaddll:build_module Loaded L"C:\\windows\\system32\\rpcrt4.dll" at 00006FFFFDA10000: builtin
0034:trace:loaddll:build_module Loaded L"C:\\windows\\system32\\winex11.drv" at 00006FFFFB660000: builtin
0034:trace:loaddll:build_module Loaded L"C:\\windows\\system32\\uxtheme.dll" at 00006FFFFB580000: builtin
002c:trace:loaddll:build_module Loaded L"C:\\windows\\system32\\imm32.dll" at 00006FFFFB830000: builtin
002c:trace:loaddll:build_module Loaded L"C:\\windows\\system32\\rpcrt4.dll" at 00006FFFFDA10000: builtin
002c:trace:loaddll:build_module Loaded L"C:\\windows\\system32\\combase.dll" at 00006FFFFE5E0000: builtin
002c:trace:loaddll:build_module Loaded L"C:\\windows\\system32\\coml2.dll" at 00006FFFFD9B0000: builtin
002c:trace:loaddll:build_module Loaded L"C:\\windows\\system32\\ole32.dll" at 00006FFFFE790000: builtin
002c:fixme:ver:GetCurrentPackageId (00007FFFFE2FFEA0 0000000000000000): stub
0024:trace:loaddll:build_module Loaded L"C:\\windows\\syswow64\\start.exe" at 00400000: builtin
0024:trace:loaddll:build_module Loaded L"C:\\windows\\syswow64\\kernelbase.dll" at 7B650000: builtin
0024:trace:loaddll:build_module Loaded L"C:\\windows\\syswow64\\kernel32.dll" at 7BB90000: builtin
0024:trace:loaddll:build_module Loaded L"C:\\windows\\syswow64\\msvcrt.dll" at 7A610000: builtin
0024:trace:loaddll:build_module Loaded L"C:\\windows\\syswow64\\ucrtbase.dll" at 7A470000: native
0024:trace:loaddll:build_module Loaded L"C:\\windows\\syswow64\\sechost.dll" at 7A570000: builtin
0024:trace:loaddll:build_module Loaded L"C:\\windows\\syswow64\\advapi32.dll" at 7A8C0000: builtin
0024:trace:loaddll:build_module Loaded L"C:\\windows\\syswow64\\zlib1.dll" at 79D00000: builtin
0024:trace:loaddll:build_module Loaded L"C:\\windows\\syswow64\\win32u.dll" at 79CB0000: builtin
0024:trace:loaddll:build_module Loaded L"C:\\windows\\syswow64\\user32.dll" at 79D40000: builtin
0024:trace:loaddll:build_module Loaded L"C:\\windows\\syswow64\\gdi32.dll" at 7A220000: builtin
0024:trace:loaddll:build_module Loaded L"C:\\windows\\syswow64\\shcore.dll" at 79B50000: builtin
0024:trace:loaddll:build_module Loaded L"C:\\windows\\syswow64\\shlwapi.dll" at 79BB0000: builtin
0024:trace:loaddll:build_module Loaded L"C:\\windows\\syswow64\\shell32.dll" at 7A9C0000: builtin
0034:fixme:ver:GetCurrentPackageId (00007FFFFE2FFEA0 0000000000000000): stub
0024:trace:loaddll:build_module Loaded L"C:\\windows\\syswow64\\imm32.dll" at 79AD0000: builtin
0108:trace:loaddll:build_module Loaded L"Z:\\home\\muse\\Desktop\\LED\\.wine-led\\drive_c\\LEDVISION\\$_15_\\x64\\Bin\\LEDSetting.exe" at 0000000140000000: native
0108:trace:loaddll:build_module Loaded L"C:\\windows\\system32\\kernelbase.dll" at 00006FFFFF470000: builtin
0108:trace:loaddll:build_module Loaded L"C:\\windows\\system32\\kernel32.dll" at 00006FFFFFA80000: builtin
0108:trace:loaddll:build_module Loaded L"C:\\windows\\system32\\msvcrt.dll" at 00006FFFFEFC0000: builtin
0108:trace:loaddll:build_module Loaded L"C:\\windows\\system32\\ucrtbase.dll" at 00006FFFFEDE0000: native
0108:trace:loaddll:build_module Loaded L"C:\\windows\\system32\\sechost.dll" at 00006FFFFEEF0000: builtin
0108:trace:loaddll:build_module Loaded L"C:\\windows\\system32\\ADVAPI32.dll" at 00006FFFFF330000: builtin
0108:trace:loaddll:build_module Loaded L"C:\\windows\\system32\\MSVCR120.dll" at 00006FFFFA9F0000: builtin
0108:trace:loaddll:build_module Loaded L"Z:\\home\\muse\\Desktop\\LED\\.wine-led\\drive_c\\LEDVISION\\$_15_\\x64\\Bin\\zlib1.dll" at 00006FFFFDD00000: builtin
0108:trace:loaddll:build_module Loaded L"C:\\windows\\system32\\win32u.dll" at 00006FFFFDCB0000: builtin
0108:trace:loaddll:build_module Loaded L"C:\\windows\\system32\\gdi32.dll" at 00006FFFFE300000: builtin
0108:trace:loaddll:build_module Loaded L"C:\\windows\\system32\\USER32.dll" at 00006FFFFDD40000: builtin
0108:trace:loaddll:build_module Loaded L"C:\\windows\\system32\\rpcrt4.dll" at 00006FFFFDA10000: builtin
0108:trace:loaddll:build_module Loaded L"C:\\windows\\system32\\combase.dll" at 00006FFFFE5E0000: builtin
0108:trace:loaddll:build_module Loaded L"C:\\windows\\system32\\coml2.dll" at 00006FFFFD9B0000: builtin
0108:trace:loaddll:build_module Loaded L"C:\\windows\\system32\\ole32.dll" at 00006FFFFE790000: builtin
0108:trace:loaddll:build_module Loaded L"C:\\windows\\system32\\OLEAUT32.dll" at 00006FFFFBB50000: builtin
0108:trace:loaddll:build_module Loaded L"C:\\windows\\system32\\shcore.dll" at 00006FFFFCA80000: builtin
0108:trace:loaddll:build_module Loaded L"C:\\windows\\system32\\SHLWAPI.dll" at 00006FFFFCAF0000: builtin
0108:trace:loaddll:build_module Loaded L"C:\\windows\\system32\\IMM32.dll" at 00006FFFFB830000: builtin
0108:trace:loaddll:build_module Loaded L"C:\\windows\\system32\\UxTheme.dll" at 00006FFFFB580000: builtin
0108:trace:loaddll:build_module Loaded L"C:\\windows\\system32\\mfc120u.dll" at 00006FFFFC480000: native
0108:trace:loaddll:build_module Loaded L"C:\\windows\\system32\\MSVCP120.dll" at 00006FFFFC3C0000: native
0108:trace:loaddll:build_module Loaded L"C:\\windows\\system32\\gdiplus.dll" at 00006FFFFA710000: builtin
0108:trace:loaddll:build_module Loaded L"C:\\windows\\system32\\opengl32.dll" at 0000000079530000: builtin
0108:trace:loaddll:build_module Loaded L"C:\\windows\\system32\\wined3d.dll" at 00006FFFF8F50000: builtin
0108:trace:loaddll:build_module Loaded L"C:\\windows\\system32\\d3d9.dll" at 00006FFFFA560000: builtin
0108:trace:loaddll:build_module Loaded L"Z:\\home\\muse\\Desktop\\LED\\.wine-led\\drive_c\\LEDVISION\\$_15_\\x64\\Bin\\CommonClass.dll" at 00006FFFFCA00000: native
0108:trace:loaddll:build_module Loaded L"Z:\\home\\muse\\Desktop\\LED\\.wine-led\\drive_c\\LEDVISION\\$_15_\\x64\\Bin\\CommonData.dll" at 00006FFFFC3A0000: native
0108:trace:loaddll:build_module Loaded L"C:\\windows\\system32\\MSIMG32.dll" at 00006FFFFC370000: builtin
0108:trace:loaddll:build_module Loaded L"C:\\windows\\system32\\SHELL32.dll" at 00006FFFFCC20000: builtin
0108:trace:loaddll:build_module Loaded L"C:\\windows\\winsxs\\amd64_microsoft.windows.common-controls_6595b64144ccf1df_6.0.2600.2982_none_deadbeef\\COMCTL32.dll" at 00006FFFF89B0000: builtin
0108:trace:loaddll:build_module Loaded L"C:\\windows\\system32\\WS2_32.dll" at 00006FFFFED20000: builtin
0108:trace:loaddll:build_module Loaded L"Z:\\home\\muse\\Desktop\\LED\\.wine-led\\drive_c\\LEDVISION\\$_15_\\x64\\Bin\\UIEx.dll" at 00006FFFFC250000: native
0108:trace:loaddll:build_module Loaded L"Z:\\home\\muse\\Desktop\\LED\\.wine-led\\drive_c\\LEDVISION\\$_15_\\x64\\Bin\\T9Common.dll" at 00006FFFFBAC0000: native
0108:trace:loaddll:build_module Loaded L"C:\\windows\\system32\\compstui.dll" at 00006FFFF8230000: builtin
0108:trace:loaddll:build_module Loaded L"C:\\windows\\system32\\WINSPOOL.DRV" at 00006FFFF8280000: builtin
0108:trace:loaddll:build_module Loaded L"C:\\windows\\system32\\dnsapi.dll" at 00006FFFFAE70000: builtin
0108:trace:loaddll:build_module Loaded L"C:\\windows\\system32\\nsi.dll" at 00006FFFFAE30000: builtin
0108:trace:loaddll:build_module Loaded L"C:\\windows\\system32\\IPHLPAPI.DLL" at 00006FFFFAED0000: builtin
0108:trace:loaddll:build_module Loaded L"C:\\windows\\system32\\OLEACC.dll" at 00006FFFF8130000: builtin
0108:trace:loaddll:build_module Loaded L"C:\\windows\\system32\\msacm32.dll" at 00006FFFF7ED0000: builtin
0108:trace:loaddll:build_module Loaded L"C:\\windows\\system32\\WINMM.dll" at 00006FFFF7F60000: builtin
0108:trace:loaddll:build_module Loaded L"Z:\\home\\muse\\Desktop\\LED\\.wine-led\\drive_c\\LEDVISION\\$_15_\\x64\\Bin\\CLTNic.dll" at 00006FFFF8360000: native
0108:trace:loaddll:build_module Loaded L"Z:\\home\\muse\\Desktop\\LED\\.wine-led\\drive_c\\LEDVISION\\$_15_\\x64\\Bin\\liblz4.dll" at 00006FFFFC220000: native
0108:trace:loaddll:build_module Loaded L"Z:\\home\\muse\\Desktop\\LED\\.wine-led\\drive_c\\LEDVISION\\$_15_\\x64\\Bin\\CLTDevice.dll" at 00006FFFF8600000: native
0108:trace:loaddll:build_module Loaded L"Z:\\home\\muse\\Desktop\\LED\\.wine-led\\drive_c\\LEDVISION\\$_15_\\x64\\Bin\\HwCommon2.dll" at 00006FFFF7CB0000: native
0108:trace:loaddll:build_module Loaded L"Z:\\home\\muse\\Desktop\\LED\\.wine-led\\drive_c\\LEDVISION\\$_15_\\x64\\Bin\\sqlite3.dll" at 0000000180000000: native
0108:trace:loaddll:build_module Loaded L"Z:\\home\\muse\\Desktop\\LED\\.wine-led\\drive_c\\LEDVISION\\$_15_\\x64\\Bin\\LedMonitor.dll" at 00006FFFF7A30000: native
0108:trace:loaddll:build_module Loaded L"Z:\\home\\muse\\Desktop\\LED\\.wine-led\\drive_c\\LEDVISION\\$_15_\\x64\\Bin\\LEDShowSetting.dll" at 00006FFFF79D0000: native
0108:trace:loaddll:build_module Loaded L"C:\\windows\\system32\\NETAPI32.dll" at 00006FFFF6D10000: builtin
0108:trace:loaddll:build_module Loaded L"Z:\\home\\muse\\Desktop\\LED\\.wine-led\\drive_c\\LEDVISION\\$_15_\\x64\\Bin\\ChipSetting.dll" at 00006FFFF6880000: native
0108:trace:loaddll:build_module Loaded L"Z:\\home\\muse\\Desktop\\LED\\.wine-led\\drive_c\\LEDVISION\\$_15_\\x64\\Bin\\MSOffice.dll" at 00006FFFF6700000: native
0108:trace:loaddll:build_module Loaded L"Z:\\home\\muse\\Desktop\\LED\\.wine-led\\drive_c\\LEDVISION\\$_15_\\x64\\Bin\\ColorLightControl.dll" at 00006FFFF6570000: native
0108:trace:loaddll:build_module Loaded L"C:\\windows\\system32\\SETUPAPI.dll" at 00006FFFFC030000: builtin
0108:trace:loaddll:build_module Loaded L"Z:\\home\\muse\\Desktop\\LED\\.wine-led\\drive_c\\LEDVISION\\$_15_\\x64\\Bin\\ChromameterMinolta.dll" at 00006FFFF6540000: native
0108:trace:loaddll:build_module Loaded L"Z:\\home\\muse\\Desktop\\LED\\.wine-led\\drive_c\\LEDVISION\\$_15_\\x64\\Bin\\ChromaAutoMeasure.dll" at 00006FFFFBA90000: native
0108:trace:loaddll:build_module Loaded L"Z:\\home\\muse\\Desktop\\LED\\.wine-led\\drive_c\\LEDVISION\\$_15_\\x64\\Bin\\Thermometer.dll" at 00006FFFF6520000: native
0108:trace:loaddll:build_module Loaded L"C:\\windows\\system32\\bcrypt.dll" at 00006FFFF5F60000: builtin
0108:trace:loaddll:build_module Loaded L"C:\\windows\\system32\\CRYPT32.dll" at 00006FFFF5B90000: builtin
0108:trace:loaddll:build_module Loaded L"C:\\windows\\system32\\Normaliz.dll" at 00007FFFFE440000: builtin
0108:trace:loaddll:build_module Loaded L"C:\\windows\\system32\\secur32.dll" at 00006FFFF57B0000: builtin
0108:trace:loaddll:build_module Loaded L"C:\\windows\\system32\\WLDAP32.dll" at 00006FFFF5880000: builtin
0108:trace:loaddll:build_module Loaded L"Z:\\home\\muse\\Desktop\\LED\\.wine-led\\drive_c\\LEDVISION\\$_15_\\x64\\Bin\\libcurl-x64.dll" at 00006FFFF5FD0000: native
0108:trace:loaddll:build_module Loaded L"Z:\\home\\muse\\Desktop\\LED\\.wine-led\\drive_c\\LEDVISION\\$_15_\\x64\\Bin\\LedAdmin.dll" at 00006FFFF6DD0000: native
0108:trace:loaddll:build_module Loaded L"Z:\\home\\muse\\Desktop\\LED\\.wine-led\\drive_c\\LEDVISION\\$_15_\\x64\\Bin\\d3dx9_43.dll" at 00006FFFF5270000: native
0108:trace:loaddll:build_module Loaded L"Z:\\home\\muse\\Desktop\\LED\\.wine-led\\drive_c\\LEDVISION\\$_15_\\x64\\Bin\\CalibrationSetting.dll" at 00006FFFF5240000: native
0108:trace:loaddll:build_module Loaded L"Z:\\home\\muse\\Desktop\\LED\\.wine-led\\drive_c\\LEDVISION\\$_15_\\x64\\Bin\\ColorCorrect.dll" at 00006FFFF5540000: native
0108:trace:loaddll:build_module Loaded L"C:\\windows\\system32\\dbghelp.dll" at 00006FFFF4F50000: builtin
0084:fixme:wineusb:query_id Unhandled ID query type 0x5.
0084:fixme:wineusb:query_id Unhandled ID query type 0x5.
0084:fixme:wineusb:query_id Unhandled ID query type 0x5.
0108:trace:loaddll:build_module Loaded L"C:\\windows\\system32\\winex11.drv" at 00006FFFFB660000: builtin
0084:fixme:wineusb:query_id Unhandled ID query type 0x5.
0084:fixme:wineusb:query_id Unhandled ID query type 0x5.
0084:fixme:wineusb:query_id Unhandled ID query type 0x5.
0084:fixme:wineusb:query_id Unhandled ID query type 0x5.
0084:fixme:wineusb:query_id Unhandled ID query type 0x5.
0084:fixme:wineusb:query_id Unhandled ID query type 0x5.
0084:fixme:wineusb:query_id Unhandled ID query type 0x5.
0084:fixme:wineusb:query_id Unhandled ID query type 0x5.
0084:fixme:wineusb:query_id Unhandled ID query type 0x5.
0108:fixme:nls:RtlGetThreadPreferredUILanguages 00000038, 00007FFFFE1FF1E0, 00007FFFFE1FF1F0 00007FFFFE1FF1E4
0108:fixme:nls:get_dummy_preferred_ui_language (0x38 0x409 00007FFFFE1FF1E0 00007FFFFE1FF1F0 00007FFFFE1FF1E4) returning a dummy value (current locale)
0084:fixme:wineusb:query_id Unhandled ID query type 0x5.
0084:fixme:wineusb:query_id Unhandled ID query type 0x5.
0084:fixme:wineusb:query_id Unhandled ID query type 0x5.
0084:fixme:wineusb:query_id Unhandled ID query type 0x5.
0084:fixme:wineusb:query_id Unhandled ID query type 0x5.
0084:fixme:wineusb:query_id Unhandled ID query type 0x5.
0108:fixme:nls:RtlGetThreadPreferredUILanguages 00000038, 00007FFFFE1FF110, 00007FFFFE1FF120 00007FFFFE1FF114
0108:fixme:nls:get_dummy_preferred_ui_language (0x38 0x409 00007FFFFE1FF110 00007FFFFE1FF120 00007FFFFE1FF114) returning a dummy value (current locale)
0108:fixme:nls:RtlGetThreadPreferredUILanguages 00000038, 00007FFFFE1FF1D0, 00007FFFFE1FF1E0 00007FFFFE1FF1D4
0108:fixme:nls:get_dummy_preferred_ui_language (0x38 0x409 00007FFFFE1FF1D0 00007FFFFE1FF1E0 00007FFFFE1FF1D4) returning a dummy value (current locale)
0108:fixme:nls:RtlGetThreadPreferredUILanguages 00000038, 00007FFFFE1FF120, 00007FFFFE1FF130 00007FFFFE1FF124
0108:fixme:nls:get_dummy_preferred_ui_language (0x38 0x409 00007FFFFE1FF120 00007FFFFE1FF130 00007FFFFE1FF124) returning a dummy value (current locale)
0108:fixme:nls:RtlGetThreadPreferredUILanguages 00000038, 00007FFFFE1FF120, 00007FFFFE1FF130 00007FFFFE1FF124
0108:fixme:nls:get_dummy_preferred_ui_language (0x38 0x409 00007FFFFE1FF120 00007FFFFE1FF130 00007FFFFE1FF124) returning a dummy value (current locale)
0108:trace:loaddll:build_module Loaded L"C:\\windows\\system32\\Kerberos.dll" at 00006FFFF4F00000: builtin
0108:trace:loaddll:build_module Loaded L"C:\\windows\\system32\\MSV1_0.dll" at 00006FFFF4EA0000: builtin
0108:err:winediag:ntlm_check_version ntlm_auth was not found. Make sure that ntlm_auth >= 3.0.25 is in your path. Usually, you can find it in the winbind package of your distribution.
0108:err:ntlm:ntlm_LsaApInitializePackage no NTLM support, expect problems
0108:trace:loaddll:free_modref Unloaded module L"C:\\windows\\system32\\MSV1_0.dll" : builtin
0108:fixme:ntdll:EtwRegisterTraceGuidsW   register trace class {72b14a7d-704c-423e-92f8-7e6d64bcb92a}
0108:fixme:ntdll:EtwRegisterTraceGuidsW   register trace class {e2091f8a-1e0a-4731-84a2-0dd57c8a5261}
0108:fixme:ntdll:EtwRegisterTraceGuidsW   register trace class {e8a3bf1f-a86b-4390-9c60-5390b969d22c}
0108:fixme:ntdll:EtwRegisterTraceGuidsW   register trace class {5727a00f-50be-4519-8256-f7699871fecb}
0108:fixme:ntdll:EtwRegisterTraceGuidsW   register trace class {7e854ec7-cdc4-405a-b5b2-aaf7c9e7d40c}
0108:fixme:ntdll:EtwRegisterTraceGuidsW   register trace class {79a60dc6-5fc8-4952-a41c-1163aeec5eb8}
0108:fixme:ntdll:EtwRegisterTraceGuidsW   register trace class {2718d25b-5bf5-4479-8e88-babc64bdbfca}
0108:fixme:heap:GetNumaHighestNodeNumber semi-stub: 00007FFFFE1FFB70
0108:fixme:nls:RtlGetThreadPreferredUILanguages 00000038, 00007FFFFE1FF4C0, 00007FFFFE1FF4D0 00007FFFFE1FF4C4
0108:fixme:nls:get_dummy_preferred_ui_language (0x38 0x409 00007FFFFE1FF4C0 00007FFFFE1FF4D0 00007FFFFE1FF4C4) returning a dummy value (current locale)
0108:trace:loaddll:build_module Loaded L"C:\\windows\\system32\\msxml.dll" at 00006FFFF4ED0000: builtin
0108:trace:loaddll:build_module Loaded L"C:\\windows\\system32\\mpr.dll" at 00006FFFF3D10000: builtin
0108:trace:loaddll:build_module Loaded L"C:\\windows\\system32\\wininet.dll" at 00006FFFF3D90000: builtin
0108:trace:loaddll:build_module Loaded L"C:\\windows\\system32\\urlmon.dll" at 00006FFFF3FB0000: builtin
0108:trace:loaddll:build_module Loaded L"C:\\windows\\system32\\msxml3.dll" at 00006FFFF42D0000: builtin
0108:fixme:d3d:wined3d_guess_card No card selector available for card vendor 0000 (using GL_RENDERER "llvmpipe (LLVM 20.1.2, 256 bits)").
0108:fixme:ntdll:NtQuerySystemInformation info_class SYSTEM_PERFORMANCE_INFORMATION
0108:fixme:d3d:wined3d_check_device_format_conversion output 00007FFFFFC1F610, device_type WINED3D_DEVICE_TYPE_HAL, src_format WINED3DFMT_B8G8R8X8_UNORM, dst_format WINED3DFMT_B8G8R8X8_UNORM stub!
0108:trace:loaddll:build_module Loaded L"C:\\windows\\system32\\msasn1.dll" at 00006FFFF3CD0000: builtin
0108:trace:loaddll:build_module Loaded L"C:\\windows\\system32\\cryptnet.dll" at 00006FFFF3C70000: builtin
0108:trace:loaddll:build_module Loaded L"C:\\windows\\system32\\propsys.dll" at 00006FFFF3380000: builtin
0108:trace:loaddll:build_module Loaded L"C:\\windows\\system32\\windowscodecs.dll" at 00006FFFF3410000: builtin
0108:fixme:shell:InitNetworkAddressControl stub
0074:trace:loaddll:build_module Loaded L"C:\\windows\\winsxs\\amd64_microsoft.windows.common-controls_6595b64144ccf1df_6.0.2600.2982_none_deadbeef\\comctl32.dll" at 00006FFFF89B0000: builtin
